Using pre-set license
Built from '2020.3/staging' branch; Version is '2020.3.13f1 (71691879b7f5) revision 7432472'; Using compiler version '192528614'; Build Type 'Release'
OS: 'Windows 10 Pro; OS build 19042.1415; Version 2009; 64bit' Language: 'pt' Physical Memory: 16244 MB
BatchMode: 1, IsHumanControllingUs: 0, StartBugReporterOnCrash: 0, Is64bit: 1, IsPro: 0

 COMMAND LINE ARGUMENTS:
C:\Program Files\Unity\Hub\Editor\2020.3.13f1\Editor\Unity.exe
-adb2
-batchMode
-noUpm
-name
AssetImportWorker0
-projectPath
C:/Users/frps2/Documents/GitHub/Dark-House/Dark_House_GameDev
-logFile
Logs/AssetImportWorker0.log
-srvPort
57522
Successfully changed project path to: C:/Users/frps2/Documents/GitHub/Dark-House/Dark_House_GameDev
C:/Users/frps2/Documents/GitHub/Dark-House/Dark_House_GameDev
Using Asset Import Pipeline V2.
Refreshing native plugins compatible for Editor in 63.05 ms, found 3 plugins.
Preloading 0 native plugins for Editor in 0.00 ms.
Initialize engine version: 2020.3.13f1 (71691879b7f5)
[Subsystems] Discovering subsystems at path C:/Program Files/Unity/Hub/Editor/2020.3.13f1/Editor/Data/Resources/UnitySubsystems
[Subsystems] Discovering subsystems at path C:/Users/frps2/Documents/GitHub/Dark-House/Dark_House_GameDev/Assets
GfxDevice: creating device client; threaded=0
Direct3D:
    Version:  Direct3D 11.0 [level 11.1]
    Renderer: NVIDIA GeForce GTX 960 (ID=0x1401)
    Vendor:   
    VRAM:     4053 MB
    Driver:   30.0.14.7212
Initialize mono
Mono path[0] = 'C:/Program Files/Unity/Hub/Editor/2020.3.13f1/Editor/Data/Managed'
Mono path[1] = 'C:/Program Files/Unity/Hub/Editor/2020.3.13f1/Editor/Data/MonoBleedingEdge/lib/mono/unityjit'
Mono config path = 'C:/Program Files/Unity/Hub/Editor/2020.3.13f1/Editor/Data/MonoBleedingEdge/etc'
Using monoOptions --debugger-agent=transport=dt_socket,embedding=1,server=y,suspend=n,address=127.0.0.1:56240
Begin MonoManager ReloadAssembly
Registering precompiled unity dll's ...
Register platform support module: C:/Program Files/Unity/Hub/Editor/2020.3.13f1/Editor/Data/PlaybackEngines/WebGLSupport/UnityEditor.WebGL.Extensions.dll
Register platform support module: C:/Program Files/Unity/Hub/Editor/2020.3.13f1/Editor/Data/PlaybackEngines/WindowsStandaloneSupport/UnityEditor.WindowsStandalone.Extensions.dll
Registered in 0.003329 seconds.
Native extension for WindowsStandalone target not found
Native extension for WebGL target not found
Refreshing native plugins compatible for Editor in 60.45 ms, found 3 plugins.
Preloading 0 native plugins for Editor in 0.00 ms.
Mono: successfully reloaded assembly
- Completed reload, in  2.418 seconds
Platform modules already initialized, skipping
Registering precompiled user dll's ...
Registered in 0.006356 seconds.
Begin MonoManager ReloadAssembly
Native extension for WindowsStandalone target not found
Native extension for WebGL target not found
Refreshing native plugins compatible for Editor in 60.76 ms, found 3 plugins.
Preloading 0 native plugins for Editor in 0.00 ms.
Mono: successfully reloaded assembly
- Completed reload, in  1.360 seconds
Platform modules already initialized, skipping
========================================================================
Worker process is ready to serve import requests
Launched and connected shader compiler UnityShaderCompiler.exe after 0.06 seconds
Refreshing native plugins compatible for Editor in 0.57 ms, found 3 plugins.
Preloading 0 native plugins for Editor in 0.00 ms.
Unloading 2789 Unused Serialized files (Serialized files now loaded: 0)
System memory in use before: 120.4 MB.
System memory in use after: 120.5 MB.

Unloading 32 unused Assets to reduce memory usage. Loaded Objects now: 3231.
Total: 2.739800 ms (FindLiveObjects: 0.263800 ms CreateObjectMapping: 0.142700 ms MarkObjects: 2.206100 ms  DeleteObjects: 0.126000 ms)

AssetImportParameters requested are different than current active one (requested -> active):
  custom:framework-win-MediaFoundation: 216162199b28c13a410421893ffa2e32 -> 
  custom:video-decoder-ogg-theora: a1e56fd34408186e4bbccfd4996cb3dc -> 
  custom:container-muxer-webm: aa71ff27fc2769a1b78a27578f13a17b -> 
  custom:container-demuxer-webm: 4f35f7cbe854078d1ac9338744f61a02 -> 
  custom:container-demuxer-ogg: 62fdf1f143b41e24485cea50d1cbac27 -> 
  custom:video-encoder-webm-vp8: eb34c28f22e8b96e1ab97ce403110664 -> 
  custom:video-decoder-webm-vp8: 9c59270c3fd7afecdb556c50c9e8de78 -> 
  custom:audio-decoder-ogg-vorbis: bf7c407c2cedff20999df2af8eb42d56 -> 
  custom:audio-encoder-webm-vorbis: bf7c407c2cedff20999df2af8eb42d56 -> 
========================================================================
Received Import Request.
  path: Assets/Audios/Footstep/Monster/7.mp3
  artifactKey: Guid(fe57c926fb12a964292142fd5192eeb1) Importer(815301076,1909f56bfc062723c751e8b465ee728b)
Start importing Assets/Audios/Footstep/Monster/7.mp3 using Guid(fe57c926fb12a964292142fd5192eeb1) Importer(815301076,1909f56bfc062723c751e8b465ee728b)  -> (artifact id: 'b2449aa91efc20e577f33ad780ea490b') in 0.128711 seconds 
  Import took 0.133521 seconds .

========================================================================
Received Import Request.
  Time since last request: 0.000320 seconds.
  path: Assets/Audios/Footstep/Monster/4.mp3
  artifactKey: Guid(1d25cc316f20c384186e5da203e1a0ae) Importer(815301076,1909f56bfc062723c751e8b465ee728b)
Start importing Assets/Audios/Footstep/Monster/4.mp3 using Guid(1d25cc316f20c384186e5da203e1a0ae) Importer(815301076,1909f56bfc062723c751e8b465ee728b)  -> (artifact id: '43d094b2671abe3ee4d35b1fe7e2b31f') in 0.021786 seconds 
  Import took 0.026473 seconds .

========================================================================
Received Import Request.
  Time since last request: 0.000201 seconds.
  path: Assets/Audios/Footstep/Monster/1.mp3
  artifactKey: Guid(175e43b444120d647b625566188cac38) Importer(815301076,1909f56bfc062723c751e8b465ee728b)
Start importing Assets/Audios/Footstep/Monster/1.mp3 using Guid(175e43b444120d647b625566188cac38) Importer(815301076,1909f56bfc062723c751e8b465ee728b)  -> (artifact id: '1816ab7044615d866229f32399ec5e96') in 0.012443 seconds 
  Import took 0.018147 seconds .

========================================================================
Received Import Request.
  Time since last request: 0.000185 seconds.
  path: Assets/Audios/Footstep/Monster
  artifactKey: Guid(6f7a44f8e885d4448a84c3f05aeb9309) Importer(815301076,1909f56bfc062723c751e8b465ee728b)
Start importing Assets/Audios/Footstep/Monster using Guid(6f7a44f8e885d4448a84c3f05aeb9309) Importer(815301076,1909f56bfc062723c751e8b465ee728b)  -> (artifact id: '7e400919c6f0903ffd70b12b83d6bc8a') in 0.007631 seconds 
  Import took 0.013062 seconds .

========================================================================
Received Import Request.
  Time since last request: 0.000171 seconds.
  path: Assets/Audios/Footstep/Monster/1.mp3
  artifactKey: Guid(175e43b444120d647b625566188cac38) Importer(815301076,1909f56bfc062723c751e8b465ee728b)
Start importing Assets/Audios/Footstep/Monster/1.mp3 using Guid(175e43b444120d647b625566188cac38) Importer(815301076,1909f56bfc062723c751e8b465ee728b)  -> (artifact id: '1816ab7044615d866229f32399ec5e96') in 0.007776 seconds 
  Import took 0.014511 seconds .

========================================================================
Received Import Request.
  Time since last request: 0.000049 seconds.
  path: Assets/Audios/Footstep/Monster/2.mp3
  artifactKey: Guid(132869cfcd242f241bd69cc23747cc28) Importer(815301076,1909f56bfc062723c751e8b465ee728b)
Start importing Assets/Audios/Footstep/Monster/2.mp3 using Guid(132869cfcd242f241bd69cc23747cc28) Importer(815301076,1909f56bfc062723c751e8b465ee728b)  -> (artifact id: 'f8fd49de88454ffeb3933145ca3d7572') in 0.012514 seconds 
  Import took 0.018712 seconds .

========================================================================
Received Import Request.
  Time since last request: 0.000170 seconds.
  path: Assets/Audios/Footstep/Monster/5.mp3
  artifactKey: Guid(a3dd54fb0c9ac8547b5b10c96509c904) Importer(815301076,1909f56bfc062723c751e8b465ee728b)
Start importing Assets/Audios/Footstep/Monster/5.mp3 using Guid(a3dd54fb0c9ac8547b5b10c96509c904) Importer(815301076,1909f56bfc062723c751e8b465ee728b)  -> (artifact id: '3a666ca751e6a981ed05b7d9a3de3c9d') in 0.013886 seconds 
  Import took 0.019152 seconds .

========================================================================
Received Import Request.
  Time since last request: 0.000180 seconds.
  path: Assets/Audios/Footstep/Monster/3.mp3
  artifactKey: Guid(b5fe2bfd8aed0a548a6605d282643b0b) Importer(815301076,1909f56bfc062723c751e8b465ee728b)
Start importing Assets/Audios/Footstep/Monster/3.mp3 using Guid(b5fe2bfd8aed0a548a6605d282643b0b) Importer(815301076,1909f56bfc062723c751e8b465ee728b)  -> (artifact id: '4632aa6fccbbfc250d41d66bbac89700') in 0.015371 seconds 
  Import took 0.019744 seconds .

========================================================================
Received Import Request.
  Time since last request: 0.000162 seconds.
  path: Assets/Audios/Footstep/Monster/5.mp3
  artifactKey: Guid(a3dd54fb0c9ac8547b5b10c96509c904) Importer(815301076,1909f56bfc062723c751e8b465ee728b)
Start importing Assets/Audios/Footstep/Monster/5.mp3 using Guid(a3dd54fb0c9ac8547b5b10c96509c904) Importer(815301076,1909f56bfc062723c751e8b465ee728b)  -> (artifact id: '3a666ca751e6a981ed05b7d9a3de3c9d') in 0.009318 seconds 
  Import took 0.014126 seconds .

========================================================================
Received Import Request.
  Time since last request: 0.000187 seconds.
  path: Assets/Audios/Footstep/Monster/6.mp3
  artifactKey: Guid(44c94f264ca93ec4b931b32826b7a420) Importer(815301076,1909f56bfc062723c751e8b465ee728b)
Start importing Assets/Audios/Footstep/Monster/6.mp3 using Guid(44c94f264ca93ec4b931b32826b7a420) Importer(815301076,1909f56bfc062723c751e8b465ee728b)  -> (artifact id: '9f2ee4816b97747c965cdba36d8568ec') in 0.012976 seconds 
  Import took 0.018033 seconds .

========================================================================
Received Import Request.
  Time since last request: 71.476322 seconds.
  path: Assets/Prefabs/Audio_Guides.prefab
  artifactKey: Guid(5948115805cd67b40897ed5c8488de62) Importer(815301076,1909f56bfc062723c751e8b465ee728b)
Start importing Assets/Prefabs/Audio_Guides.prefab using Guid(5948115805cd67b40897ed5c8488de62) Importer(815301076,1909f56bfc062723c751e8b465ee728b)  -> (artifact id: '5f221a2391a60dcf0d8ca5d079418b6b') in 0.032362 seconds 
  Import took 0.041005 seconds .

========================================================================
Received Import Request.
  Time since last request: 0.000340 seconds.
  path: Assets/Prefabs/Player.prefab
  artifactKey: Guid(1d4ff5e5390ade3498810ab3d7355bec) Importer(815301076,1909f56bfc062723c751e8b465ee728b)
Start importing Assets/Prefabs/Player.prefab using Guid(1d4ff5e5390ade3498810ab3d7355bec) Importer(815301076,1909f56bfc062723c751e8b465ee728b)  -> (artifact id: '1108556d8b717b7a43811fcad8a43275') in 0.027890 seconds 
  Import took 0.033834 seconds .

========================================================================
Received Import Request.
  Time since last request: 0.000329 seconds.
  path: Assets/Prefabs/Monster.prefab
  artifactKey: Guid(36b6940c2ca1d9b4895505a76b59fdf1) Importer(815301076,1909f56bfc062723c751e8b465ee728b)
Start importing Assets/Prefabs/Monster.prefab using Guid(36b6940c2ca1d9b4895505a76b59fdf1) Importer(815301076,1909f56bfc062723c751e8b465ee728b)  -> (artifact id: 'd022031939fd645dc7afb6844bc0e3c6') in 0.016934 seconds 
  Import took 0.021427 seconds .

========================================================================
Received Import Request.
  Time since last request: 6.108380 seconds.
  path: Assets/Scenes/Mapas/MapaTeste2.0_Felipe.unity
  artifactKey: Guid(e623a24239d382446816c9748199b9e6) Importer(815301076,1909f56bfc062723c751e8b465ee728b)
Start importing Assets/Scenes/Mapas/MapaTeste2.0_Felipe.unity using Guid(e623a24239d382446816c9748199b9e6) Importer(815301076,1909f56bfc062723c751e8b465ee728b)  -> (artifact id: '150425ba52904f9efac2f025934b4b3c') in 0.008520 seconds 
  Import took 0.013710 seconds .

========================================================================
Received Import Request.
  Time since last request: 0.850846 seconds.
  path: Assets/Scenes/Mapas/MapaTeste - Felipe.unity
  artifactKey: Guid(6ac2a4e33a56c3448a70227e56567ba1) Importer(815301076,1909f56bfc062723c751e8b465ee728b)
Start importing Assets/Scenes/Mapas/MapaTeste - Felipe.unity using Guid(6ac2a4e33a56c3448a70227e56567ba1) Importer(815301076,1909f56bfc062723c751e8b465ee728b)  -> (artifact id: '1e48cac95c64a0e374159aedd8d343d3') in 0.008790 seconds 
  Import took 0.014116 seconds .

========================================================================
Received Import Request.
  Time since last request: 125.153778 seconds.
  path: Assets/Audios/Footstep/Player
  artifactKey: Guid(15ba2bb2e7ca5374297c6234905f9992) Importer(815301076,1909f56bfc062723c751e8b465ee728b)
Start importing Assets/Audios/Footstep/Player using Guid(15ba2bb2e7ca5374297c6234905f9992) Importer(815301076,1909f56bfc062723c751e8b465ee728b)  -> (artifact id: '2ee6ea189bff1dd3aae8bc463f9b050d') in 0.004992 seconds 
  Import took 0.013071 seconds .

========================================================================
Received Import Request.
  Time since last request: 237.124089 seconds.
  path: Assets/Scripts/Game_Scripts
  artifactKey: Guid(d1372b3e9b9396c4c842a6c5416d421e) Importer(815301076,1909f56bfc062723c751e8b465ee728b)
Start importing Assets/Scripts/Game_Scripts using Guid(d1372b3e9b9396c4c842a6c5416d421e) Importer(815301076,1909f56bfc062723c751e8b465ee728b)  -> (artifact id: '3c635362bf3edaae33907257b05e604e') in 0.012850 seconds 
  Import took 0.018478 seconds .

========================================================================
Received Import Request.
  Time since last request: 3.217937 seconds.
  path: Assets/Scripts/Game_Scripts/GameMenus/Menu
  artifactKey: Guid(669ce174d712a4f47a5d421903db90d4) Importer(815301076,1909f56bfc062723c751e8b465ee728b)
Start importing Assets/Scripts/Game_Scripts/GameMenus/Menu using Guid(669ce174d712a4f47a5d421903db90d4) Importer(815301076,1909f56bfc062723c751e8b465ee728b)  -> (artifact id: '93096ff8a11b810697bfde38fdc17854') in 0.011767 seconds 
  Import took 0.017437 seconds .

========================================================================
Received Import Request.
  Time since last request: 22.539590 seconds.
  path: Assets/Scripts/Game_Scripts/GameMenus/MyButtons/Implementation/Start.cs
  artifactKey: Guid(2c5bf45a92efe944e97d4619a5dd45d6) Importer(815301076,1909f56bfc062723c751e8b465ee728b)
Start importing Assets/Scripts/Game_Scripts/GameMenus/MyButtons/Implementation/Start.cs using Guid(2c5bf45a92efe944e97d4619a5dd45d6) Importer(815301076,1909f56bfc062723c751e8b465ee728b)  -> (artifact id: '4df9734795bee0469def4344068b0cbf') in 0.016671 seconds 
  Import took 0.022884 seconds .

========================================================================
Received Prepare
Registering precompiled user dll's ...
Registered in 0.010845 seconds.
Begin MonoManager ReloadAssembly
Native extension for WindowsStandalone target not found
Native extension for WebGL target not found
Refreshing native plugins compatible for Editor in 0.66 ms, found 3 plugins.
Preloading 0 native plugins for Editor in 0.00 ms.
Mono: successfully reloaded assembly
- Completed reload, in  1.684 seconds
Platform modules already initialized, skipping
Refreshing native plugins compatible for Editor in 0.57 ms, found 3 plugins.
Preloading 0 native plugins for Editor in 0.00 ms.
Unloading 2758 Unused Serialized files (Serialized files now loaded: 0)
System memory in use before: 120.8 MB.
System memory in use after: 121.0 MB.

Unloading 18 unused Assets to reduce memory usage. Loaded Objects now: 3245.
Total: 3.542600 ms (FindLiveObjects: 0.362900 ms CreateObjectMapping: 0.252700 ms MarkObjects: 2.825500 ms  DeleteObjects: 0.100300 ms)

AssetImportParameters requested are different than current active one (requested -> active):
  custom:framework-win-MediaFoundation: 216162199b28c13a410421893ffa2e32 -> 
  custom:video-decoder-ogg-theora: a1e56fd34408186e4bbccfd4996cb3dc -> 
  custom:container-muxer-webm: aa71ff27fc2769a1b78a27578f13a17b -> 
  custom:container-demuxer-webm: 4f35f7cbe854078d1ac9338744f61a02 -> 
  custom:container-demuxer-ogg: 62fdf1f143b41e24485cea50d1cbac27 -> 
  custom:video-encoder-webm-vp8: eb34c28f22e8b96e1ab97ce403110664 -> 
  custom:video-decoder-webm-vp8: 9c59270c3fd7afecdb556c50c9e8de78 -> 
  custom:audio-decoder-ogg-vorbis: bf7c407c2cedff20999df2af8eb42d56 -> 
  custom:audio-encoder-webm-vorbis: bf7c407c2cedff20999df2af8eb42d56 -> 
========================================================================
Received Prepare
Registering precompiled user dll's ...
Registered in 0.008334 seconds.
Begin MonoManager ReloadAssembly
Native extension for WindowsStandalone target not found
Native extension for WebGL target not found
Refreshing native plugins compatible for Editor in 0.70 ms, found 3 plugins.
Preloading 0 native plugins for Editor in 0.00 ms.
Mono: successfully reloaded assembly
- Completed reload, in  1.365 seconds
Platform modules already initialized, skipping
Refreshing native plugins compatible for Editor in 0.65 ms, found 3 plugins.
Preloading 0 native plugins for Editor in 0.00 ms.
Unloading 2758 Unused Serialized files (Serialized files now loaded: 0)
System memory in use before: 120.9 MB.
System memory in use after: 121.1 MB.

Unloading 18 unused Assets to reduce memory usage. Loaded Objects now: 3249.
Total: 3.964300 ms (FindLiveObjects: 0.247200 ms CreateObjectMapping: 0.128700 ms MarkObjects: 3.481600 ms  DeleteObjects: 0.105600 ms)

AssetImportParameters requested are different than current active one (requested -> active):
  custom:framework-win-MediaFoundation: 216162199b28c13a410421893ffa2e32 -> 
  custom:video-decoder-ogg-theora: a1e56fd34408186e4bbccfd4996cb3dc -> 
  custom:container-muxer-webm: aa71ff27fc2769a1b78a27578f13a17b -> 
  custom:container-demuxer-webm: 4f35f7cbe854078d1ac9338744f61a02 -> 
  custom:container-demuxer-ogg: 62fdf1f143b41e24485cea50d1cbac27 -> 
  custom:video-encoder-webm-vp8: eb34c28f22e8b96e1ab97ce403110664 -> 
  custom:video-decoder-webm-vp8: 9c59270c3fd7afecdb556c50c9e8de78 -> 
  custom:audio-decoder-ogg-vorbis: bf7c407c2cedff20999df2af8eb42d56 -> 
  custom:audio-encoder-webm-vorbis: bf7c407c2cedff20999df2af8eb42d56 -> 
========================================================================
Received Prepare
Refreshing native plugins compatible for Editor in 5.78 ms, found 3 plugins.
Preloading 0 native plugins for Editor in 0.00 ms.
Unloading 16 Unused Serialized files (Serialized files now loaded: 0)
System memory in use before: 66.8 MB.
System memory in use after: 67.0 MB.

Unloading 16 unused Assets to reduce memory usage. Loaded Objects now: 3249.
Total: 3.107400 ms (FindLiveObjects: 0.269900 ms CreateObjectMapping: 0.137400 ms MarkObjects: 2.628000 ms  DeleteObjects: 0.071000 ms)

AssetImportParameters requested are different than current active one (requested -> active):
  custom:framework-win-MediaFoundation: 216162199b28c13a410421893ffa2e32 -> 
  custom:video-decoder-ogg-theora: a1e56fd34408186e4bbccfd4996cb3dc -> 
  custom:container-muxer-webm: aa71ff27fc2769a1b78a27578f13a17b -> 
  custom:container-demuxer-webm: 4f35f7cbe854078d1ac9338744f61a02 -> 
  custom:container-demuxer-ogg: 62fdf1f143b41e24485cea50d1cbac27 -> 
  custom:video-encoder-webm-vp8: eb34c28f22e8b96e1ab97ce403110664 -> 
  custom:video-decoder-webm-vp8: 9c59270c3fd7afecdb556c50c9e8de78 -> 
  custom:audio-decoder-ogg-vorbis: bf7c407c2cedff20999df2af8eb42d56 -> 
  custom:audio-encoder-webm-vorbis: bf7c407c2cedff20999df2af8eb42d56 -> 
========================================================================
Received Import Request.
  Time since last request: 220.548778 seconds.
  path: Assets/Scripts/Game_Scripts/GameMenus/Prefab/Resources/Start 1.prefab
  artifactKey: Guid(c0a96fe947c89bb4d96f7ce5470c6419) Importer(815301076,1909f56bfc062723c751e8b465ee728b)
Start importing Assets/Scripts/Game_Scripts/GameMenus/Prefab/Resources/Start 1.prefab using Guid(c0a96fe947c89bb4d96f7ce5470c6419) Importer(815301076,1909f56bfc062723c751e8b465ee728b)  -> (artifact id: '624bd7fafd1177ba93c153544688fae4') in 0.042203 seconds 
  Import took 0.048009 seconds .

========================================================================
Received Import Request.
  Time since last request: 8.972238 seconds.
  path: Assets/Scripts/Game_Scripts/GameMenus/Prefab/Resources/Menu2.prefab
  artifactKey: Guid(c0a96fe947c89bb4d96f7ce5470c6419) Importer(815301076,1909f56bfc062723c751e8b465ee728b)
Start importing Assets/Scripts/Game_Scripts/GameMenus/Prefab/Resources/Menu2.prefab using Guid(c0a96fe947c89bb4d96f7ce5470c6419) Importer(815301076,1909f56bfc062723c751e8b465ee728b)  -> (artifact id: 'b7ec1104d21ac081cfbbbe826c5ad1ae') in 0.016580 seconds 
  Import took 0.024070 seconds .

========================================================================
Received Import Request.
  Time since last request: 0.002963 seconds.
  path: Assets/Scripts/Game_Scripts/GameMenus/Prefab/Resources/Menu2.prefab
  artifactKey: Guid(c0a96fe947c89bb4d96f7ce5470c6419) Importer(815301076,1909f56bfc062723c751e8b465ee728b)
Start importing Assets/Scripts/Game_Scripts/GameMenus/Prefab/Resources/Menu2.prefab using Guid(c0a96fe947c89bb4d96f7ce5470c6419) Importer(815301076,1909f56bfc062723c751e8b465ee728b)  -> (artifact id: 'b7ec1104d21ac081cfbbbe826c5ad1ae') in 0.005337 seconds 
  Import took 0.015713 seconds .

========================================================================
Received Import Request.
  Time since last request: 11.035398 seconds.
  path: Assets/Scripts/Game_Scripts/GameMenus/Prefab/Resources/Menu2.prefab
  artifactKey: Guid(c0a96fe947c89bb4d96f7ce5470c6419) Importer(815301076,1909f56bfc062723c751e8b465ee728b)
Start importing Assets/Scripts/Game_Scripts/GameMenus/Prefab/Resources/Menu2.prefab using Guid(c0a96fe947c89bb4d96f7ce5470c6419) Importer(815301076,1909f56bfc062723c751e8b465ee728b)  -> (artifact id: 'c06c80f418c966ff4b3b0ccec9730f54') in 0.008641 seconds 
  Import took 0.014738 seconds .

========================================================================
Received Import Request.
  Time since last request: 0.007970 seconds.
  path: Assets/Scripts/Game_Scripts/GameMenus/Prefab/Resources/Menu2.prefab
  artifactKey: Guid(c0a96fe947c89bb4d96f7ce5470c6419) Importer(815301076,1909f56bfc062723c751e8b465ee728b)
Start importing Assets/Scripts/Game_Scripts/GameMenus/Prefab/Resources/Menu2.prefab using Guid(c0a96fe947c89bb4d96f7ce5470c6419) Importer(815301076,1909f56bfc062723c751e8b465ee728b)  -> (artifact id: 'c06c80f418c966ff4b3b0ccec9730f54') in 0.008623 seconds 
  Import took 0.014402 seconds .

========================================================================
Received Import Request.
  Time since last request: 48.051085 seconds.
  path: Assets/Scenes/MenuTesting.unity
  artifactKey: Guid(cca51fb8f7268324da1d2d4ab0a871c7) Importer(815301076,1909f56bfc062723c751e8b465ee728b)
Start importing Assets/Scenes/MenuTesting.unity using Guid(cca51fb8f7268324da1d2d4ab0a871c7) Importer(815301076,1909f56bfc062723c751e8b465ee728b)  -> (artifact id: 'cc8fd473594836645a326cb909c320c0') in 0.011440 seconds 
  Import took 0.017948 seconds .

========================================================================
Received Prepare
Registering precompiled user dll's ...
Registered in 0.022701 seconds.
Begin MonoManager ReloadAssembly
Native extension for WindowsStandalone target not found
Native extension for WebGL target not found
Refreshing native plugins compatible for Editor in 1.15 ms, found 3 plugins.
Preloading 0 native plugins for Editor in 0.00 ms.
Mono: successfully reloaded assembly
- Completed reload, in  2.106 seconds
Platform modules already initialized, skipping
Refreshing native plugins compatible for Editor in 0.60 ms, found 3 plugins.
Preloading 0 native plugins for Editor in 0.00 ms.
Unloading 2758 Unused Serialized files (Serialized files now loaded: 0)
System memory in use before: 120.9 MB.
System memory in use after: 121.1 MB.

Unloading 18 unused Assets to reduce memory usage. Loaded Objects now: 3253.
Total: 3.580800 ms (FindLiveObjects: 0.312000 ms CreateObjectMapping: 0.176100 ms MarkObjects: 3.011800 ms  DeleteObjects: 0.079900 ms)

AssetImportParameters requested are different than current active one (requested -> active):
  custom:framework-win-MediaFoundation: 216162199b28c13a410421893ffa2e32 -> 
  custom:video-decoder-ogg-theora: a1e56fd34408186e4bbccfd4996cb3dc -> 
  custom:container-muxer-webm: aa71ff27fc2769a1b78a27578f13a17b -> 
  custom:container-demuxer-webm: 4f35f7cbe854078d1ac9338744f61a02 -> 
  custom:container-demuxer-ogg: 62fdf1f143b41e24485cea50d1cbac27 -> 
  custom:video-encoder-webm-vp8: eb34c28f22e8b96e1ab97ce403110664 -> 
  custom:video-decoder-webm-vp8: 9c59270c3fd7afecdb556c50c9e8de78 -> 
  custom:audio-decoder-ogg-vorbis: bf7c407c2cedff20999df2af8eb42d56 -> 
  custom:audio-encoder-webm-vorbis: bf7c407c2cedff20999df2af8eb42d56 -> 
========================================================================
Received Prepare
Script is not up to date after domain reload: guid(2c5bf45a92efe944e97d4619a5dd45d6) path("Assets/Scripts/Game_Scripts/GameMenus/MyButtons/Implementation/Mapa1.cs") state(2)
Registering precompiled user dll's ...
Registered in 0.022280 seconds.
Begin MonoManager ReloadAssembly
Native extension for WindowsStandalone target not found
Native extension for WebGL target not found
Refreshing native plugins compatible for Editor in 0.58 ms, found 3 plugins.
Preloading 0 native plugins for Editor in 0.00 ms.
Mono: successfully reloaded assembly
- Completed reload, in  1.773 seconds
Platform modules already initialized, skipping
Script is not up to date after domain reload: guid(2c5bf45a92efe944e97d4619a5dd45d6) path("Assets/Scripts/Game_Scripts/GameMenus/MyButtons/Implementation/Mapa1.cs") state(2)
Refreshing native plugins compatible for Editor in 0.56 ms, found 3 plugins.
Preloading 0 native plugins for Editor in 0.00 ms.
Unloading 2757 Unused Serialized files (Serialized files now loaded: 0)
System memory in use before: 120.9 MB.
System memory in use after: 121.1 MB.

Unloading 19 unused Assets to reduce memory usage. Loaded Objects now: 3256.
Total: 4.389500 ms (FindLiveObjects: 0.360900 ms CreateObjectMapping: 0.188300 ms MarkObjects: 3.759500 ms  DeleteObjects: 0.078500 ms)

AssetImportParameters requested are different than current active one (requested -> active):
  custom:framework-win-MediaFoundation: 216162199b28c13a410421893ffa2e32 -> 
  custom:video-decoder-ogg-theora: a1e56fd34408186e4bbccfd4996cb3dc -> 
  custom:container-muxer-webm: aa71ff27fc2769a1b78a27578f13a17b -> 
  custom:container-demuxer-webm: 4f35f7cbe854078d1ac9338744f61a02 -> 
  custom:container-demuxer-ogg: 62fdf1f143b41e24485cea50d1cbac27 -> 
  custom:video-encoder-webm-vp8: eb34c28f22e8b96e1ab97ce403110664 -> 
  custom:video-decoder-webm-vp8: 9c59270c3fd7afecdb556c50c9e8de78 -> 
  custom:audio-decoder-ogg-vorbis: bf7c407c2cedff20999df2af8eb42d56 -> 
  custom:audio-encoder-webm-vorbis: bf7c407c2cedff20999df2af8eb42d56 -> 
========================================================================
Received Prepare
Registering precompiled user dll's ...
Registered in 0.006330 seconds.
Begin MonoManager ReloadAssembly
Native extension for WindowsStandalone target not found
Native extension for WebGL target not found
Refreshing native plugins compatible for Editor in 0.60 ms, found 3 plugins.
Preloading 0 native plugins for Editor in 0.00 ms.
Mono: successfully reloaded assembly
- Completed reload, in  1.316 seconds
Platform modules already initialized, skipping
Refreshing native plugins compatible for Editor in 0.56 ms, found 3 plugins.
Preloading 0 native plugins for Editor in 0.00 ms.
Unloading 2758 Unused Serialized files (Serialized files now loaded: 0)
System memory in use before: 121.0 MB.
System memory in use after: 121.2 MB.

Unloading 18 unused Assets to reduce memory usage. Loaded Objects now: 3261.
Total: 2.642400 ms (FindLiveObjects: 0.324700 ms CreateObjectMapping: 0.175100 ms MarkObjects: 2.065300 ms  DeleteObjects: 0.076500 ms)

AssetImportParameters requested are different than current active one (requested -> active):
  custom:framework-win-MediaFoundation: 216162199b28c13a410421893ffa2e32 -> 
  custom:video-decoder-ogg-theora: a1e56fd34408186e4bbccfd4996cb3dc -> 
  custom:container-muxer-webm: aa71ff27fc2769a1b78a27578f13a17b -> 
  custom:container-demuxer-webm: 4f35f7cbe854078d1ac9338744f61a02 -> 
  custom:container-demuxer-ogg: 62fdf1f143b41e24485cea50d1cbac27 -> 
  custom:video-encoder-webm-vp8: eb34c28f22e8b96e1ab97ce403110664 -> 
  custom:video-decoder-webm-vp8: 9c59270c3fd7afecdb556c50c9e8de78 -> 
  custom:audio-decoder-ogg-vorbis: bf7c407c2cedff20999df2af8eb42d56 -> 
  custom:audio-encoder-webm-vorbis: bf7c407c2cedff20999df2af8eb42d56 -> 
========================================================================
Received Prepare
Registering precompiled user dll's ...
Registered in 0.006698 seconds.
Begin MonoManager ReloadAssembly
Native extension for WindowsStandalone target not found
Native extension for WebGL target not found
Refreshing native plugins compatible for Editor in 0.65 ms, found 3 plugins.
Preloading 0 native plugins for Editor in 0.00 ms.
Mono: successfully reloaded assembly
- Completed reload, in  1.405 seconds
Platform modules already initialized, skipping
Refreshing native plugins compatible for Editor in 0.65 ms, found 3 plugins.
Preloading 0 native plugins for Editor in 0.00 ms.
Unloading 2758 Unused Serialized files (Serialized files now loaded: 0)
System memory in use before: 121.0 MB.
System memory in use after: 121.2 MB.

Unloading 18 unused Assets to reduce memory usage. Loaded Objects now: 3265.
Total: 3.764700 ms (FindLiveObjects: 0.598100 ms CreateObjectMapping: 0.210400 ms MarkObjects: 2.866800 ms  DeleteObjects: 0.087800 ms)

AssetImportParameters requested are different than current active one (requested -> active):
  custom:framework-win-MediaFoundation: 216162199b28c13a410421893ffa2e32 -> 
  custom:video-decoder-ogg-theora: a1e56fd34408186e4bbccfd4996cb3dc -> 
  custom:container-muxer-webm: aa71ff27fc2769a1b78a27578f13a17b -> 
  custom:container-demuxer-webm: 4f35f7cbe854078d1ac9338744f61a02 -> 
  custom:container-demuxer-ogg: 62fdf1f143b41e24485cea50d1cbac27 -> 
  custom:video-encoder-webm-vp8: eb34c28f22e8b96e1ab97ce403110664 -> 
  custom:video-decoder-webm-vp8: 9c59270c3fd7afecdb556c50c9e8de78 -> 
  custom:audio-decoder-ogg-vorbis: bf7c407c2cedff20999df2af8eb42d56 -> 
  custom:audio-encoder-webm-vorbis: bf7c407c2cedff20999df2af8eb42d56 -> 
========================================================================
Received Import Request.
  Time since last request: 133.149510 seconds.
  path: Assets/Scripts/Game_Scripts/GameMenus/Prefab/Resources/Menu1.prefab
  artifactKey: Guid(1879adf8ed681e24c8475a128e4dcb4c) Importer(815301076,1909f56bfc062723c751e8b465ee728b)
Start importing Assets/Scripts/Game_Scripts/GameMenus/Prefab/Resources/Menu1.prefab using Guid(1879adf8ed681e24c8475a128e4dcb4c) Importer(815301076,1909f56bfc062723c751e8b465ee728b)  -> (artifact id: 'a55382582f347e988c4258f6a45cc8a1') in 0.032155 seconds 
  Import took 0.037435 seconds .

========================================================================
Received Prepare
Registering precompiled user dll's ...
Registered in 0.008305 seconds.
Begin MonoManager ReloadAssembly
Native extension for WindowsStandalone target not found
Native extension for WebGL target not found
Refreshing native plugins compatible for Editor in 0.60 ms, found 3 plugins.
Preloading 0 native plugins for Editor in 0.00 ms.
Mono: successfully reloaded assembly
- Completed reload, in  2.064 seconds
Platform modules already initialized, skipping
Refreshing native plugins compatible for Editor in 1.88 ms, found 3 plugins.
Preloading 0 native plugins for Editor in 0.00 ms.
Unloading 2758 Unused Serialized files (Serialized files now loaded: 0)
System memory in use before: 121.0 MB.
System memory in use after: 121.2 MB.

Unloading 18 unused Assets to reduce memory usage. Loaded Objects now: 3269.
Total: 3.990300 ms (FindLiveObjects: 0.383200 ms CreateObjectMapping: 0.472100 ms MarkObjects: 3.052300 ms  DeleteObjects: 0.080800 ms)

AssetImportParameters requested are different than current active one (requested -> active):
  custom:framework-win-MediaFoundation: 216162199b28c13a410421893ffa2e32 -> 
  custom:video-decoder-ogg-theora: a1e56fd34408186e4bbccfd4996cb3dc -> 
  custom:container-muxer-webm: aa71ff27fc2769a1b78a27578f13a17b -> 
  custom:container-demuxer-webm: 4f35f7cbe854078d1ac9338744f61a02 -> 
  custom:container-demuxer-ogg: 62fdf1f143b41e24485cea50d1cbac27 -> 
  custom:video-encoder-webm-vp8: eb34c28f22e8b96e1ab97ce403110664 -> 
  custom:video-decoder-webm-vp8: 9c59270c3fd7afecdb556c50c9e8de78 -> 
  custom:audio-decoder-ogg-vorbis: bf7c407c2cedff20999df2af8eb42d56 -> 
  custom:audio-encoder-webm-vorbis: bf7c407c2cedff20999df2af8eb42d56 -> 
========================================================================
Received Prepare
Registering precompiled user dll's ...
Registered in 0.006763 seconds.
Begin MonoManager ReloadAssembly
Native extension for WindowsStandalone target not found
Native extension for WebGL target not found
Refreshing native plugins compatible for Editor in 0.59 ms, found 3 plugins.
Preloading 0 native plugins for Editor in 0.00 ms.
Mono: successfully reloaded assembly
- Completed reload, in  1.364 seconds
Platform modules already initialized, skipping
Refreshing native plugins compatible for Editor in 0.58 ms, found 3 plugins.
Preloading 0 native plugins for Editor in 0.00 ms.
Unloading 2758 Unused Serialized files (Serialized files now loaded: 0)
System memory in use before: 121.0 MB.
System memory in use after: 121.2 MB.

Unloading 18 unused Assets to reduce memory usage. Loaded Objects now: 3273.
Total: 2.944300 ms (FindLiveObjects: 0.250100 ms CreateObjectMapping: 0.122700 ms MarkObjects: 2.452800 ms  DeleteObjects: 0.093400 ms)

AssetImportParameters requested are different than current active one (requested -> active):
  custom:framework-win-MediaFoundation: 216162199b28c13a410421893ffa2e32 -> 
  custom:video-decoder-ogg-theora: a1e56fd34408186e4bbccfd4996cb3dc -> 
  custom:container-muxer-webm: aa71ff27fc2769a1b78a27578f13a17b -> 
  custom:container-demuxer-webm: 4f35f7cbe854078d1ac9338744f61a02 -> 
  custom:container-demuxer-ogg: 62fdf1f143b41e24485cea50d1cbac27 -> 
  custom:video-encoder-webm-vp8: eb34c28f22e8b96e1ab97ce403110664 -> 
  custom:video-decoder-webm-vp8: 9c59270c3fd7afecdb556c50c9e8de78 -> 
  custom:audio-decoder-ogg-vorbis: bf7c407c2cedff20999df2af8eb42d56 -> 
  custom:audio-encoder-webm-vorbis: bf7c407c2cedff20999df2af8eb42d56 -> 
========================================================================
Received Prepare
Refreshing native plugins compatible for Editor in 5.29 ms, found 3 plugins.
Preloading 0 native plugins for Editor in 0.00 ms.
Unloading 16 Unused Serialized files (Serialized files now loaded: 0)
System memory in use before: 66.9 MB.
System memory in use after: 67.1 MB.

Unloading 16 unused Assets to reduce memory usage. Loaded Objects now: 3273.
Total: 3.476700 ms (FindLiveObjects: 0.314000 ms CreateObjectMapping: 0.150200 ms MarkObjects: 2.933100 ms  DeleteObjects: 0.078200 ms)

AssetImportParameters requested are different than current active one (requested -> active):
  custom:framework-win-MediaFoundation: 216162199b28c13a410421893ffa2e32 -> 
  custom:video-decoder-ogg-theora: a1e56fd34408186e4bbccfd4996cb3dc -> 
  custom:container-muxer-webm: aa71ff27fc2769a1b78a27578f13a17b -> 
  custom:container-demuxer-webm: 4f35f7cbe854078d1ac9338744f61a02 -> 
  custom:container-demuxer-ogg: 62fdf1f143b41e24485cea50d1cbac27 -> 
  custom:video-encoder-webm-vp8: eb34c28f22e8b96e1ab97ce403110664 -> 
  custom:video-decoder-webm-vp8: 9c59270c3fd7afecdb556c50c9e8de78 -> 
  custom:audio-decoder-ogg-vorbis: bf7c407c2cedff20999df2af8eb42d56 -> 
  custom:audio-encoder-webm-vorbis: bf7c407c2cedff20999df2af8eb42d56 -> 
========================================================================
Received Prepare
Refreshing native plugins compatible for Editor in 6.02 ms, found 3 plugins.
Preloading 0 native plugins for Editor in 0.00 ms.
Unloading 16 Unused Serialized files (Serialized files now loaded: 0)
System memory in use before: 66.9 MB.
System memory in use after: 67.1 MB.

Unloading 16 unused Assets to reduce memory usage. Loaded Objects now: 3273.
Total: 4.178200 ms (FindLiveObjects: 0.303100 ms CreateObjectMapping: 0.143400 ms MarkObjects: 3.656400 ms  DeleteObjects: 0.074300 ms)

AssetImportParameters requested are different than current active one (requested -> active):
  custom:framework-win-MediaFoundation: 216162199b28c13a410421893ffa2e32 -> 
  custom:video-decoder-ogg-theora: a1e56fd34408186e4bbccfd4996cb3dc -> 
  custom:container-muxer-webm: aa71ff27fc2769a1b78a27578f13a17b -> 
  custom:container-demuxer-webm: 4f35f7cbe854078d1ac9338744f61a02 -> 
  custom:container-demuxer-ogg: 62fdf1f143b41e24485cea50d1cbac27 -> 
  custom:video-encoder-webm-vp8: eb34c28f22e8b96e1ab97ce403110664 -> 
  custom:video-decoder-webm-vp8: 9c59270c3fd7afecdb556c50c9e8de78 -> 
  custom:audio-decoder-ogg-vorbis: bf7c407c2cedff20999df2af8eb42d56 -> 
  custom:audio-encoder-webm-vorbis: bf7c407c2cedff20999df2af8eb42d56 -> 
